*** Starting uWSGI 2.0.29 (64bit) on [Fri May 30 23:54:04 2025] ***
compiled with version: 13.3.0 on 22 May 2025 02:06:58
os: Linux-6.6.87.1-microsoft-standard-WSL2 #1 SMP PREEMPT_DYNAMIC Mon Apr 21 17:08:54 UTC 2025
nodename: ZhangWeinian
machine: x86_64
clock source: unix
detected number of CPU cores: 20
current working directory: /home/zhangwn2/source/2025FDCS
writing pidfile to /home/zhangwn2/source/2025FDCS/projectlogs/uwsgi.pid
detected binary path: /home/zhangwn2/py_venv/venv/bin/uwsgi
!!! no internal routing support, rebuild with pcre support !!!
chdir() to /home/zhangwn2/source/2025FDCS/
your processes number limit is 192341
your memory page size is 4096 bytes
detected max file descriptor number: 1048576
lock engine: pthread robust mutexes
thunder lock: disabled (you can enable it with --thunder-lock)
uwsgi socket 0 bound to UNIX address /tmp/uwsgi.sock fd 3
Python version: 3.12.3 (main, Feb  4 2025, 14:48:35) [GCC 13.3.0]
PEP 405 virtualenv detected: /home/zhangwn2/py_venv/venv/
Set PythonHome to /home/zhangwn2/py_venv/venv/
Python main interpreter initialized at 0x7608ebaa2f68
python threads support enabled
your server socket listen backlog is limited to 100 connections
your mercy for graceful operations on workers is 60 seconds
mapped 671795 bytes (656 KB) for 4 cores
*** Operational MODE: preforking ***
WSGI app 0 (mountpoint='') ready in 1 seconds on interpreter 0x7608ebaa2f68 pid: 892 (default app)
*** uWSGI is running in multiple interpreter mode ***
spawned uWSGI master process (pid: 892)
spawned uWSGI worker 1 (pid: 912, cores: 1)
spawned uWSGI worker 2 (pid: 913, cores: 1)
spawned uWSGI worker 3 (pid: 914, cores: 1)
spawned uWSGI worker 4 (pid: 915, cores: 1)
SIGINT/SIGTERM received...killing workers...
worker 1 buried after 1 seconds
worker 2 buried after 1 seconds
worker 3 buried after 1 seconds
worker 4 buried after 1 seconds
goodbye to uWSGI.
VACUUM: pidfile removed.
VACUUM: unix socket /tmp/uwsgi.sock removed.
*** Starting uWSGI 2.0.29 (64bit) on [Sat May 31 00:03:43 2025] ***
compiled with version: 13.3.0 on 22 May 2025 02:06:58
os: Linux-6.6.87.1-microsoft-standard-WSL2 #1 SMP PREEMPT_DYNAMIC Mon Apr 21 17:08:54 UTC 2025
nodename: ZhangWeinian
machine: x86_64
clock source: unix
detected number of CPU cores: 20
current working directory: /home/zhangwn2/source/2025FDCS
writing pidfile to /home/zhangwn2/source/2025FDCS/projectlogs/uwsgi.pid
detected binary path: /home/zhangwn2/py_venv/venv/bin/uwsgi
!!! no internal routing support, rebuild with pcre support !!!
chdir() to /home/zhangwn2/source/2025FDCS/
your processes number limit is 192341
your memory page size is 4096 bytes
detected max file descriptor number: 1048576
lock engine: pthread robust mutexes
thunder lock: disabled (you can enable it with --thunder-lock)
uwsgi socket 0 bound to UNIX address /tmp/uwsgi.sock fd 3
Python version: 3.12.3 (main, Feb  4 2025, 14:48:35) [GCC 13.3.0]
PEP 405 virtualenv detected: /home/zhangwn2/py_venv/venv/
Set PythonHome to /home/zhangwn2/py_venv/venv/
Python main interpreter initialized at 0x7cd9eaca2f68
python threads support enabled
your server socket listen backlog is limited to 100 connections
your mercy for graceful operations on workers is 60 seconds
mapped 671795 bytes (656 KB) for 4 cores
*** Operational MODE: preforking ***
WSGI app 0 (mountpoint='') ready in 1 seconds on interpreter 0x7cd9eaca2f68 pid: 1084 (default app)
*** uWSGI is running in multiple interpreter mode ***
spawned uWSGI master process (pid: 1084)
spawned uWSGI worker 1 (pid: 1104, cores: 1)
spawned uWSGI worker 2 (pid: 1105, cores: 1)
spawned uWSGI worker 3 (pid: 1106, cores: 1)
spawned uWSGI worker 4 (pid: 1107, cores: 1)
SIGINT/SIGTERM received...killing workers...
worker 1 buried after 1 seconds
worker 2 buried after 1 seconds
worker 3 buried after 1 seconds
worker 4 buried after 1 seconds
goodbye to uWSGI.
VACUUM: pidfile removed.
VACUUM: unix socket /tmp/uwsgi.sock removed.
*** Starting uWSGI 2.0.29 (64bit) on [Sat May 31 00:08:36 2025] ***
compiled with version: 13.3.0 on 22 May 2025 02:06:58
os: Linux-6.6.87.1-microsoft-standard-WSL2 #1 SMP PREEMPT_DYNAMIC Mon Apr 21 17:08:54 UTC 2025
nodename: ZhangWeinian
machine: x86_64
clock source: unix
detected number of CPU cores: 20
current working directory: /home/zhangwn2/source/2025FDCS
writing pidfile to /home/zhangwn2/source/2025FDCS/projectlogs/uwsgi.pid
detected binary path: /home/zhangwn2/py_venv/venv/bin/uwsgi
!!! no internal routing support, rebuild with pcre support !!!
chdir() to /home/zhangwn2/source/2025FDCS/
your processes number limit is 192341
your memory page size is 4096 bytes
detected max file descriptor number: 1048576
lock engine: pthread robust mutexes
thunder lock: disabled (you can enable it with --thunder-lock)
uwsgi socket 0 bound to UNIX address /tmp/uwsgi.sock fd 3
Python version: 3.12.3 (main, Feb  4 2025, 14:48:35) [GCC 13.3.0]
PEP 405 virtualenv detected: /home/zhangwn2/py_venv/venv/
Set PythonHome to /home/zhangwn2/py_venv/venv/
Python main interpreter initialized at 0x7065602a2f68
python threads support enabled
your server socket listen backlog is limited to 100 connections
your mercy for graceful operations on workers is 60 seconds
mapped 671795 bytes (656 KB) for 4 cores
*** Operational MODE: preforking ***
WSGI app 0 (mountpoint='') ready in 0 seconds on interpreter 0x7065602a2f68 pid: 1144 (default app)
*** uWSGI is running in multiple interpreter mode ***
spawned uWSGI master process (pid: 1144)
spawned uWSGI worker 1 (pid: 1164, cores: 1)
spawned uWSGI worker 2 (pid: 1165, cores: 1)
spawned uWSGI worker 3 (pid: 1166, cores: 1)
spawned uWSGI worker 4 (pid: 1167, cores: 1)
SIGINT/SIGTERM received...killing workers...
worker 1 buried after 1 seconds
worker 2 buried after 1 seconds
worker 3 buried after 1 seconds
worker 4 buried after 1 seconds
goodbye to uWSGI.
VACUUM: pidfile removed.
VACUUM: unix socket /tmp/uwsgi.sock removed.
